0 info it worked if it ends with ok
1 verbose cli [ '/usr/local/Cellar/node/6.3.1/bin/node',
1 verbose cli   '/usr/local/bin/npm',
1 verbose cli   'install',
1 verbose cli   'vue-tinymce',
1 verbose cli   '--save' ]
2 info using npm@3.10.3
3 info using node@v6.3.1
4 silly loadCurrentTree Starting
5 silly install loadCurrentTree
6 silly install readLocalPackageData
7 silly fetchPackageMetaData vue-tinymce@^2.1.*
8 silly fetchNamedPackageData vue-tinymce
9 silly mapToRegistry name vue-tinymce
10 silly mapToRegistry using default registry
11 silly mapToRegistry registry https://registry.npmjs.org/
12 silly mapToRegistry data Result {
12 silly mapToRegistry   raw: 'vue-tinymce',
12 silly mapToRegistry   scope: null,
12 silly mapToRegistry   escapedName: 'vue-tinymce',
12 silly mapToRegistry   name: 'vue-tinymce',
12 silly mapToRegistry   rawSpec: '',
12 silly mapToRegistry   spec: 'latest',
12 silly mapToRegistry   type: 'tag' }
13 silly mapToRegistry uri https://registry.npmjs.org/vue-tinymce
14 verbose request uri https://registry.npmjs.org/vue-tinymce
15 verbose request no auth needed
16 info attempt registry request try #1 at 12:23:53 PM
17 verbose request id f60120a59bc7b2c1
18 verbose etag W/"58a171a7-268e"
19 verbose lastModified Mon, 13 Feb 2017 08:43:19 GMT
20 http request GET https://registry.npmjs.org/vue-tinymce
21 http 304 https://registry.npmjs.org/vue-tinymce
22 verbose headers { date: 'Mon, 15 May 2017 00:23:54 GMT',
22 verbose headers   via: '1.1 varnish',
22 verbose headers   'cache-control': 'max-age=300',
22 verbose headers   etag: 'W/"58a171a7-268e"',
22 verbose headers   age: '76',
22 verbose headers   connection: 'keep-alive',
22 verbose headers   'x-served-by': 'cache-akl1420-AKL',
22 verbose headers   'x-cache': 'HIT',
22 verbose headers   'x-cache-hits': '1',
22 verbose headers   'x-timer': 'S1494807835.535632,VS0,VE1',
22 verbose headers   vary: 'Accept-Encoding' }
23 silly get cb [ 304,
23 silly get   { date: 'Mon, 15 May 2017 00:23:54 GMT',
23 silly get     via: '1.1 varnish',
23 silly get     'cache-control': 'max-age=300',
23 silly get     etag: 'W/"58a171a7-268e"',
23 silly get     age: '76',
23 silly get     connection: 'keep-alive',
23 silly get     'x-served-by': 'cache-akl1420-AKL',
23 silly get     'x-cache': 'HIT',
23 silly get     'x-cache-hits': '1',
23 silly get     'x-timer': 'S1494807835.535632,VS0,VE1',
23 silly get     vary: 'Accept-Encoding' } ]
24 verbose etag https://registry.npmjs.org/vue-tinymce from cache
25 verbose get saving vue-tinymce to /Users/admin/.npm/registry.npmjs.org/vue-tinymce/.cache.json
26 verbose correctMkdir /Users/admin/.npm correctMkdir not in flight; initializing
27 silly fetchNamedPackageData No valid target from cache, forcing network
28 verbose request uri https://registry.npmjs.org/vue-tinymce
29 verbose request no auth needed
30 info attempt registry request try #1 at 12:23:54 PM
31 http request GET https://registry.npmjs.org/vue-tinymce
32 http 200 https://registry.npmjs.org/vue-tinymce
33 verbose headers { server: 'nginx/1.10.3',
33 verbose headers   'content-type': 'application/json',
33 verbose headers   'last-modified': 'Mon, 13 Feb 2017 08:43:19 GMT',
33 verbose headers   etag: 'W/"58a171a7-268e"',
33 verbose headers   'content-encoding': 'gzip',
33 verbose headers   'cache-control': 'max-age=300',
33 verbose headers   'content-length': '1878',
33 verbose headers   'accept-ranges': 'bytes',
33 verbose headers   date: 'Mon, 15 May 2017 00:23:54 GMT',
33 verbose headers   via: '1.1 varnish',
33 verbose headers   age: '76',
33 verbose headers   connection: 'keep-alive',
33 verbose headers   'x-served-by': 'cache-akl1420-AKL',
33 verbose headers   'x-cache': 'HIT',
33 verbose headers   'x-cache-hits': '2',
33 verbose headers   'x-timer': 'S1494807835.565136,VS0,VE0',
33 verbose headers   vary: 'Accept-Encoding' }
34 silly get cb [ 200,
34 silly get   { server: 'nginx/1.10.3',
34 silly get     'content-type': 'application/json',
34 silly get     'last-modified': 'Mon, 13 Feb 2017 08:43:19 GMT',
34 silly get     etag: 'W/"58a171a7-268e"',
34 silly get     'content-encoding': 'gzip',
34 silly get     'cache-control': 'max-age=300',
34 silly get     'content-length': '1878',
34 silly get     'accept-ranges': 'bytes',
34 silly get     date: 'Mon, 15 May 2017 00:23:54 GMT',
34 silly get     via: '1.1 varnish',
34 silly get     age: '76',
34 silly get     connection: 'keep-alive',
34 silly get     'x-served-by': 'cache-akl1420-AKL',
34 silly get     'x-cache': 'HIT',
34 silly get     'x-cache-hits': '2',
34 silly get     'x-timer': 'S1494807835.565136,VS0,VE0',
34 silly get     vary: 'Accept-Encoding' } ]
35 verbose get saving vue-tinymce to /Users/admin/.npm/registry.npmjs.org/vue-tinymce/.cache.json
36 verbose correctMkdir /Users/admin/.npm correctMkdir not in flight; initializing
37 silly fetchPackageMetaData Error: No compatible version found: vue-tinymce@^2.1.*
37 silly fetchPackageMetaData Valid install targets:
37 silly fetchPackageMetaData 1.0.5, 1.0.4, 1.0.3, 1.0.2, 1.0.1, 1.0.0
37 silly fetchPackageMetaData
37 silly fetchPackageMetaData     at pickVersionFromRegistryDocument (/usr/local/lib/node_modules/npm/lib/fetch-package-metadata.js:170:16)
37 silly fetchPackageMetaData     at /usr/local/lib/node_modules/npm/node_modules/iferr/index.js:13:50
37 silly fetchPackageMetaData     at /usr/local/lib/node_modules/npm/lib/utils/pulse-till-done.js:20:8
37 silly fetchPackageMetaData     at saved (/usr/local/lib/node_modules/npm/lib/cache/caching-client.js:174:7)
37 silly fetchPackageMetaData     at /usr/local/lib/node_modules/npm/node_modules/graceful-fs/polyfills.js:210:7
37 silly fetchPackageMetaData     at FSReqWrap.oncomplete (fs.js:123:15)
37 silly fetchPackageMetaData  error for vue-tinymce@^2.1.* Error: No compatible version found: vue-tinymce@^2.1.*
37 silly fetchPackageMetaData Valid install targets:
37 silly fetchPackageMetaData 1.0.5, 1.0.4, 1.0.3, 1.0.2, 1.0.1, 1.0.0
37 silly fetchPackageMetaData
37 silly fetchPackageMetaData     at pickVersionFromRegistryDocument (/usr/local/lib/node_modules/npm/lib/fetch-package-metadata.js:170:16)
37 silly fetchPackageMetaData     at /usr/local/lib/node_modules/npm/node_modules/iferr/index.js:13:50
37 silly fetchPackageMetaData     at /usr/local/lib/node_modules/npm/lib/utils/pulse-till-done.js:20:8
37 silly fetchPackageMetaData     at saved (/usr/local/lib/node_modules/npm/lib/cache/caching-client.js:174:7)
37 silly fetchPackageMetaData     at /usr/local/lib/node_modules/npm/node_modules/graceful-fs/polyfills.js:210:7
37 silly fetchPackageMetaData     at FSReqWrap.oncomplete (fs.js:123:15)
38 silly rollbackFailedOptional Starting
39 silly rollbackFailedOptional Finishing
40 silly runTopLevelLifecycles Starting
41 silly runTopLevelLifecycles Finishing
42 silly install printInstalled
43 verbose stack Error: No compatible version found: vue-tinymce@^2.1.*
43 verbose stack Valid install targets:
43 verbose stack 1.0.5, 1.0.4, 1.0.3, 1.0.2, 1.0.1, 1.0.0
43 verbose stack
43 verbose stack     at pickVersionFromRegistryDocument (/usr/local/lib/node_modules/npm/lib/fetch-package-metadata.js:170:16)
43 verbose stack     at /usr/local/lib/node_modules/npm/node_modules/iferr/index.js:13:50
43 verbose stack     at /usr/local/lib/node_modules/npm/lib/utils/pulse-till-done.js:20:8
43 verbose stack     at saved (/usr/local/lib/node_modules/npm/lib/cache/caching-client.js:174:7)
43 verbose stack     at /usr/local/lib/node_modules/npm/node_modules/graceful-fs/polyfills.js:210:7
43 verbose stack     at FSReqWrap.oncomplete (fs.js:123:15)
44 verbose cwd /Applications/MAMP/htdocs/home/timmytales/themes/tales
45 error Darwin 15.6.0
46 error argv "/usr/local/Cellar/node/6.3.1/bin/node" "/usr/local/bin/npm" "install" "vue-tinymce" "--save"
47 error node v6.3.1
48 error npm  v3.10.3
49 error No compatible version found: vue-tinymce@^2.1.*
49 error Valid install targets:
49 error 1.0.5, 1.0.4, 1.0.3, 1.0.2, 1.0.1, 1.0.0
50 error If you need help, you may report this error at:
50 error     <https://github.com/npm/npm/issues>
51 verbose exit [ 1, true ]
